2025-01-08 16:52:08.534 [Thread-3] INFO  it.unipi.cartoonscatalog.PrimaryController - Ritorno della richiesta = 20
2025-01-08 16:52:08.538 [Thread-3] INFO  it.unipi.cartoonscatalog.PrimaryController - Catalogo personaggi 'Rick and Morty' caricato.
2025-01-08 16:52:09.058 [Thread-4] INFO  it.unipi.cartoonscatalog.SecondaryController - Ricevuta la risposta dal server. Inizio a caricare la tabella...
2025-01-08 16:52:09.060 [Thread-4] INFO  it.unipi.cartoonscatalog.SecondaryController - Dimensione dati tornati per la tabella = 20
2025-01-08 16:52:09.073 [Thread-4] INFO  it.unipi.cartoonscatalog.SecondaryController - Caricati tutti i personaggi
2025-01-08 16:52:27.570 [Thread-5] INFO  it.unipi.cartoonscatalog.SecondaryController - Rimosso dal database personaggio id=4
2025-01-08 16:53:23.308 [JavaFX Application Thread] INFO  it.unipi.cartoonscatalog.CatalogController - Bottone di ritorno alla finestra secondary premuto!
2025-01-08 16:53:23.550 [Thread-25] INFO  it.unipi.cartoonscatalog.SecondaryController - Ricevuta la risposta dal server. Inizio a caricare la tabella...
2025-01-08 16:53:23.550 [Thread-25] INFO  it.unipi.cartoonscatalog.SecondaryController - Dimensione dati tornati per la tabella = 19
2025-01-08 16:53:23.551 [Thread-25] INFO  it.unipi.cartoonscatalog.SecondaryController - Caricati tutti i personaggi
2025-01-08 17:00:31.951 [Thread-3] INFO  it.unipi.cartoonscatalog.PrimaryController - Ritorno della richiesta = 20
2025-01-08 17:00:31.954 [Thread-3] INFO  it.unipi.cartoonscatalog.PrimaryController - Catalogo personaggi 'Rick and Morty' caricato.
2025-01-08 17:00:32.388 [Thread-4] INFO  it.unipi.cartoonscatalog.SecondaryController - Ricevuta la risposta dal server. Inizio a caricare la tabella...
2025-01-08 17:00:32.389 [Thread-4] INFO  it.unipi.cartoonscatalog.SecondaryController - Dimensione dati tornati per la tabella = 20
2025-01-08 17:00:32.395 [Thread-4] INFO  it.unipi.cartoonscatalog.SecondaryController - Caricati tutti i personaggi
2025-01-08 17:01:16.938 [JavaFX Application Thread] INFO  it.unipi.cartoonscatalog.CatalogController - Bottone di ritorno alla finestra secondary premuto!
2025-01-08 17:01:17.193 [Thread-22] INFO  it.unipi.cartoonscatalog.SecondaryController - Ricevuta la risposta dal server. Inizio a caricare la tabella...
2025-01-08 17:01:17.194 [Thread-22] INFO  it.unipi.cartoonscatalog.SecondaryController - Dimensione dati tornati per la tabella = 20
2025-01-08 17:01:17.195 [Thread-22] INFO  it.unipi.cartoonscatalog.SecondaryController - Caricati tutti i personaggi
2025-01-08 17:03:33.476 [Thread-3] INFO  it.unipi.cartoonscatalog.PrimaryController - Ritorno della richiesta = 20
2025-01-08 17:03:33.480 [Thread-3] INFO  it.unipi.cartoonscatalog.PrimaryController - Catalogo personaggi 'Rick and Morty' caricato.
2025-01-08 17:03:33.783 [Thread-4] INFO  it.unipi.cartoonscatalog.SecondaryController - Ricevuta la risposta dal server. Inizio a caricare la tabella...
2025-01-08 17:03:33.784 [Thread-4] INFO  it.unipi.cartoonscatalog.SecondaryController - Dimensione dati tornati per la tabella = 20
2025-01-08 17:03:33.788 [Thread-4] INFO  it.unipi.cartoonscatalog.SecondaryController - Caricati tutti i personaggi
2025-01-08 17:09:16.948 [Thread-3] INFO  it.unipi.cartoonscatalog.PrimaryController - Ritorno della richiesta = 20
2025-01-08 17:09:16.954 [Thread-3] INFO  it.unipi.cartoonscatalog.PrimaryController - Catalogo personaggi 'Rick and Morty' caricato.
2025-01-08 17:09:17.348 [Thread-4] INFO  it.unipi.cartoonscatalog.SecondaryController - Ricevuta la risposta dal server. Inizio a caricare la tabella...
2025-01-08 17:09:17.349 [Thread-4] INFO  it.unipi.cartoonscatalog.SecondaryController - Dimensione dati tornati per la tabella = 20
2025-01-08 17:09:17.354 [Thread-4] INFO  it.unipi.cartoonscatalog.SecondaryController - Caricati tutti i personaggi
2025-01-08 17:09:38.671 [JavaFX Application Thread] INFO  it.unipi.cartoonscatalog.CatalogController - Bottone di ritorno alla finestra secondary premuto!
2025-01-08 17:09:38.894 [Thread-18] INFO  it.unipi.cartoonscatalog.SecondaryController - Ricevuta la risposta dal server. Inizio a caricare la tabella...
2025-01-08 17:09:38.895 [Thread-18] INFO  it.unipi.cartoonscatalog.SecondaryController - Dimensione dati tornati per la tabella = 20
2025-01-08 17:09:38.897 [Thread-18] INFO  it.unipi.cartoonscatalog.SecondaryController - Caricati tutti i personaggi
2025-01-08 17:09:41.846 [Thread-19] INFO  it.unipi.cartoonscatalog.SecondaryController - Rimosso dal database personaggio id=4
2025-01-08 17:09:55.601 [JavaFX Application Thread] INFO  it.unipi.cartoonscatalog.CatalogController - Bottone di ritorno alla finestra secondary premuto!
2025-01-08 17:09:55.737 [Thread-28] INFO  it.unipi.cartoonscatalog.SecondaryController - Ricevuta la risposta dal server. Inizio a caricare la tabella...
2025-01-08 17:09:55.738 [Thread-28] INFO  it.unipi.cartoonscatalog.SecondaryController - Dimensione dati tornati per la tabella = 19
2025-01-08 17:09:55.738 [Thread-28] INFO  it.unipi.cartoonscatalog.SecondaryController - Caricati tutti i personaggi
